2020-08-26 15:30:14,727 ERROR config 'LINEARdad16' is not one of ['LINEAR16', 'ALAW', 'MULAW', 'LINEAR32F', 'RAW_OPUS', 'MPEG_AUDIO']

Failed validating 'enum' in schema['properties']['encoding']:
    {'enum': ['LINEAR16',
              'ALAW',
              'MULAW',
              'LINEAR32F',
              'RAW_OPUS',
              'MPEG_AUDIO'],
     'type': 'string'}

On instance['encoding']:
    'LINEARdad16'
2020-08-26 15:32:28,832 ERROR config 'LINEARdad16' is not one of ['LINEAR16', 'ALAW', 'MULAW', 'LINEAR32F', 'RAW_OPUS', 'MPEG_AUDIO']

Failed validating 'enum' in schema['properties']['encoding']:
    {'enum': ['LINEAR16',
              'ALAW',
              'MULAW',
              'LINEAR32F',
              'RAW_OPUS',
              'MPEG_AUDIO'],
     'type': 'string'}

On instance['encoding']:
    'LINEARdad16'
2020-08-26 15:33:03,001 ERROR config 'LINEARdad16' is not one of ['LINEAR16', 'ALAW', 'MULAW', 'LINEAR32F', 'RAW_OPUS', 'MPEG_AUDIO']

Failed validating 'enum' in schema['properties']['encoding']:
    {'enum': ['LINEAR16',
              'ALAW',
              'MULAW',
              'LINEAR32F',
              'RAW_OPUS',
              'MPEG_AUDIO'],
     'type': 'string'}

On instance['encoding']:
    'LINEARdad16'
2020-08-26 15:34:41,404 ERROR config 'LINEARdad16' is not one of ['LINEAR16', 'ALAW', 'MULAW', 'LINEAR32F', 'RAW_OPUS', 'MPEG_AUDIO']

Failed validating 'enum' in schema['properties']['encoding']:
    {'enum': ['LINEAR16',
              'ALAW',
              'MULAW',
              'LINEAR32F',
              'RAW_OPUS',
              'MPEG_AUDIO'],
     'type': 'string'}

On instance['encoding']:
    'LINEARdad16'
2020-08-26 18:30:33,799 ERROR config Incorrect source parameters: must be path to file or io.BufferedReader
2020-08-26 18:31:37,927 ERROR config Incorrect source parameters: must be path to file or io.BufferedReader
2020-08-26 18:35:37,653 ERROR config Incorrect source parameters: must be path to file or io.BufferedReader
2020-08-26 19:00:16,820 ERROR config Incorrect source parameters: must be path to file or io.BufferedReader
2020-08-26 23:38:44,915 ERROR config Incorrect source parameters: must be path to file or io.BufferedReader
2020-08-26 23:48:33,268 ERROR config Incorrect source parameters: must be path to file or io.BufferedReader
2020-08-27 09:23:41,165 ERROR config Incorrect source parameters: must be path to file or io.BufferedReader
2020-08-27 09:56:45,537 ERROR config <_InactiveRpcError of RPC that terminated with:
	status = StatusCode.UNAUTHENTICATED
	details = "unauthenticated"
	debug_error_string = "{"created":"@1598511405.536645501","description":"Error received from peer ipv4:91.194.226.157:443","file":"src/core/lib/surface/call.cc","file_line":1061,"grpc_message":"unauthenticated","grpc_status":16}"
>
